[debug] [2023-09-10T13:13:26.365Z] ----------------------------------------------------------------------
[debug] [2023-09-10T13:13:26.366Z] Command:       /usr/local/bin/node /usr/local/bin/firebase init hosting
[debug] [2023-09-10T13:13:26.366Z] CLI Version:   12.5.2
[debug] [2023-09-10T13:13:26.367Z] Platform:      darwin
[debug] [2023-09-10T13:13:26.367Z] Node Version:  v18.15.0
[debug] [2023-09-10T13:13:26.368Z] Time:          Sun Sep 10 2023 15:13:26 GMT+0200 (Central European Summer Time)
[debug] [2023-09-10T13:13:26.368Z] ----------------------------------------------------------------------
[debug] 
[debug] [2023-09-10T13:13:26.369Z] >>> [apiv2][query] GET https://firebase-public.firebaseio.com/cli.json [none]
[debug] [2023-09-10T13:13:26.427Z] > command requires scopes: ["email","openid","https://www.googleapis.com/auth/cloudplatformprojects.readonly","https://www.googleapis.com/auth/firebase","https://www.googleapis.com/auth/cloud-platform"]
[debug] [2023-09-10T13:13:26.427Z] > authorizing via signed-in user (janjic.aljosa@gmail.com)
[info] 
     ######## #### ########  ######## ########     ###     ######  ########
     ##        ##  ##     ## ##       ##     ##  ##   ##  ##       ##
     ######    ##  ########  ######   ########  #########  ######  ######
     ##        ##  ##    ##  ##       ##     ## ##     ##       ## ##
     ##       #### ##     ## ######## ########  ##     ##  ######  ########

You're about to initialize a Firebase project in this directory:

  /Users/aljanjic/Education/Angular_education/david-game

Before we get started, keep in mind:

  * You are initializing within an existing Firebase project directory

[info] 
=== Project Setup
[info] 
[info] First, let's associate this project directory with a Firebase project.
[info] You can create multiple project aliases by running firebase use --add, 
[info] but for now we'll just set up a default project.
[info] 
[debug] [2023-09-10T13:13:26.429Z] Using project from CLI flag: angular-15-tic-tac-toe
[debug] [2023-09-10T13:13:26.429Z] > refreshing access token with scopes: []
[debug] [2023-09-10T13:13:26.430Z] >>> [apiv2][query] POST https://www.googleapis.com/oauth2/v3/token [none]
[debug] [2023-09-10T13:13:26.430Z] >>> [apiv2][body] POST https://www.googleapis.com/oauth2/v3/token [omitted]
[debug] [2023-09-10T13:13:26.647Z] <<< [apiv2][status] POST https://www.googleapis.com/oauth2/v3/token 200
[debug] [2023-09-10T13:13:26.648Z] <<< [apiv2][body] POST https://www.googleapis.com/oauth2/v3/token [omitted]
[debug] [2023-09-10T13:13:26.662Z] >>> [apiv2][query] GET https://firebase.googleapis.com/v1beta1/projects/angular-15-tic-tac-toe [none]
[debug] [2023-09-10T13:13:26.769Z] <<< [apiv2][status] GET https://firebase-public.firebaseio.com/cli.json 200
[debug] [2023-09-10T13:13:26.769Z] <<< [apiv2][body] GET https://firebase-public.firebaseio.com/cli.json {"cloudBuildErrorAfter":1594252800000,"cloudBuildWarnAfter":1590019200000,"defaultNode10After":1594252800000,"minVersion":"3.0.5","node8DeploysDisabledAfter":1613390400000,"node8RuntimeDisabledAfter":1615809600000,"node8WarnAfter":1600128000000}
[debug] [2023-09-10T13:13:27.096Z] <<< [apiv2][status] GET https://firebase.googleapis.com/v1beta1/projects/angular-15-tic-tac-toe 200
[debug] [2023-09-10T13:13:27.096Z] <<< [apiv2][body] GET https://firebase.googleapis.com/v1beta1/projects/angular-15-tic-tac-toe {"projectId":"angular-15-tic-tac-toe","projectNumber":"461776882545","displayName":"angular-15-tic-tac-toe","name":"projects/angular-15-tic-tac-toe","resources":{"hostingSite":"angular-15-tic-tac-toe"},"state":"ACTIVE","etag":"1_66998f61-fc37-4c46-8283-90dc3678bf40"}
[info] i  Using project angular-15-tic-tac-toe (angular-15-tic-tac-toe) 
[info] 
=== Hosting Setup
[info] 
[info] Your public directory is the folder (relative to your project directory) that
[info] will contain Hosting assets to be uploaded with firebase deploy. If you
[info] have a build process for your assets, use your build's output directory.
[info] 
